d:\chat room\qtchatroom\qtchatroom\x64\debug\main.obj
d:\chat room\qtchatroom\qtchatroom\x64\debug\qtjiemian.obj
d:\chat room\qtchatroom\qtchatroom\x64\debug\qtoption.obj
d:\chat room\qtchatroom\qtchatroom\x64\debug\qtchatroom.obj
d:\chat room\qtchatroom\qtchatroom\x64\debug\qrc_qtchatroom.obj
d:\chat room\qtchatroom\qtchatroom\x64\debug\moc_qtoption.obj
d:\chat room\qtchatroom\qtchatroom\x64\debug\moc_qtjiemian.obj
d:\chat room\qtchatroom\qtchatroom\x64\debug\moc_qtchatroom.obj
d:\chat room\qtchatroom\qtchatroom\x64\debug\vc142.pdb
d:\chat room\qtchatroom\qtchatroom\x64\debug\qtserver.obj
d:\chat room\qtchatroom\qtchatroom\x64\debug\moc_server.obj
d:\chat room\qtchatroom\qtchatroom\x64\debug\moc_qtserver.obj
d:\chat room\qtchatroom\x64\debug\qtchatroom.exe
d:\chat room\qtchatroom\x64\debug\qtchatroom.ilk
d:\chat room\qtchatroom\x64\debug\qtchatroom.pdb
d:\chat room\qtchatroom\qtchatroom\x64\debug\moc\moc_qtchatroom.cpp
d:\chat room\qtchatroom\qtchatroom\x64\debug\moc\moc_qtjiemian.cpp
d:\chat room\qtchatroom\qtchatroom\x64\debug\moc\moc_qtoption.cpp
d:\chat room\qtchatroom\qtchatroom\x64\debug\moc\moc_qtserver.cpp
d:\chat room\qtchatroom\qtchatroom\x64\debug\uic\ui_qtchatroom.h
d:\chat room\qtchatroom\qtchatroom\x64\debug\uic\ui_qtoption.h
d:\chat room\qtchatroom\qtchatroom\x64\debug\rcc\qrc_qtchatroom.cpp
d:\chat room\qtchatroom\qtchatroom\x64\debug\uic\ui_qtserver.h
d:\chat room\qtchatroom\qtchatroom\x64\debug\moc\moc_server.cpp
d:\chat room\qtchatroom\qtchatroom\x64\debug\server.obj
d:\chat room\qtchatroom\qtchatroom\x64\debug\qtchatroom.tlog\cl.command.1.tlog
d:\chat room\qtchatroom\qtchatroom\x64\debug\qtchatroom.tlog\cl.read.1.tlog
d:\chat room\qtchatroom\qtchatroom\x64\debug\qtchatroom.tlog\cl.write.1.tlog
d:\chat room\qtchatroom\qtchatroom\x64\debug\qtchatroom.tlog\link.command.1.tlog
d:\chat room\qtchatroom\qtchatroom\x64\debug\qtchatroom.tlog\link.read.1.tlog
d:\chat room\qtchatroom\qtchatroom\x64\debug\qtchatroom.tlog\link.write.1.tlog
d:\chat room\qtchatroom\qtchatroom\x64\debug\qtchatroom.tlog\moc.read.1u.tlog
d:\chat room\qtchatroom\qtchatroom\x64\debug\qtchatroom.tlog\moc.write.1u.tlog
d:\chat room\qtchatroom\qtchatroom\x64\debug\qtchatroom.tlog\qtchatroom.write.1u.tlog
d:\chat room\qtchatroom\qtchatroom\x64\debug\qtchatroom.tlog\rcc.read.1u.tlog
d:\chat room\qtchatroom\qtchatroom\x64\debug\qtchatroom.tlog\rcc.write.1u.tlog
d:\chat room\qtchatroom\qtchatroom\x64\debug\qtchatroom.tlog\uic.read.1u.tlog
d:\chat room\qtchatroom\qtchatroom\x64\debug\qtchatroom.tlog\uic.write.1u.tlog
